#
# There is insufficient memory for the Java Runtime Environment to continue.
# Native memory allocation (malloc) failed to allocate 1048576 bytes for AllocateHeap
# Possible reasons:
#   The system is out of physical RAM or swap space
#   The process is running with CompressedOops enabled, and the Java Heap may be blocking the growth of the native heap
# Possible solutions:
#   Reduce memory load on the system
#   Increase physical memory or swap space
#   Check if swap backing store is full
#   Decrease Java heap size (-Xmx/-Xms)
#   Decrease number of Java threads
#   Decrease Java thread stack sizes (-Xss)
#   Set larger code cache with -XX:ReservedCodeCacheSize=
#   JVM is running with Unscaled Compressed Oops mode in which the Java heap is
#     placed in the first 4GB address space. The Java Heap base address is the
#     maximum limit for the native heap growth. Please use -XX:HeapBaseMinAddress
#     to set the Java Heap base and to place the Java Heap above 4GB virtual address.
# This output file may be truncated or incomplete.
#
#  Out of Memory Error (memory/allocation.inline.hpp:61), pid=17324, tid=0x0000000000000d74
#
# JRE version:  (8.0_202-b08) (build )
# Java VM: Java HotSpot(TM) 64-Bit Server VM (25.202-b08 mixed mode windows-amd64 compressed oops)
# Failed to write core dump. Minidumps are not enabled by default on client versions of Windows
#

---------------  T H R E A D  ---------------

Current thread (0x000000000302e800):  JavaThread "Unknown thread" [_thread_in_vm, id=3444, stack(0x0000000002eb0000,0x0000000002fb0000)]

Stack: [0x0000000002eb0000,0x0000000002fb0000]
[error occurred during error reporting (printing stack bounds), id 0xc0000005]

Native frames: (J=compiled Java code, j=interpreted, Vv=VM code, C=native code)


---------------  P R O C E S S  ---------------

Java Threads: ( => current thread )

Other Threads:

=>0x000000000302e800 (exited) JavaThread "Unknown thread" [_thread_in_vm, id=3444, stack(0x0000000002eb0000,0x0000000002fb0000)]

VM state:not at safepoint (normal execution)

VM Mutex/Monitor currently owned by a thread: None

heap address: 0x0000000082000000, size: 2016 MB, Compressed Oops mode: 32-bit
Narrow klass base: 0x0000000000000000, Narrow klass shift: 3
Compressed class space size: 1073741824 Address: 0x0000000100000000

Heap:
 PSYoungGen      total 37888K, used 655K [0x00000000d6000000, 0x00000000d8a00000, 0x0000000100000000)
  eden space 32768K, 2% used [0x00000000d6000000,0x00000000d60a3d80,0x00000000d8000000)
  from space 5120K, 0% used [0x00000000d8500000,0x00000000d8500000,0x00000000d8a00000)
  to   space 5120K, 0% used [0x00000000d8000000,0x00000000d8000000,0x00000000d8500000)
 ParOldGen       total 86016K, used 0K [0x0000000082000000, 0x0000000087400000, 0x00000000d6000000)
  object space 86016K, 0% used [0x0000000082000000,0x0000000082000000,0x0000000087400000)
 Metaspace       used 751K, capacity 4480K, committed 4480K, reserved 1056768K
  class space    used 76K, capacity 384K, committed 384K, reserved 1048576K

Card table byte_map: [0x0000000012510000,0x0000000012910000] byte_map_base: 0x0000000012100000

Marking Bits: (ParMarkBitMap*) 0x0000000062715ce0
 Begin Bits: [0x0000000012fb0000, 0x0000000014f30000)
 End Bits:   [0x0000000014f30000, 0x0000000016eb0000)

Polling page: 0x0000000001680000

CodeCache: size=245760Kb used=328Kb max_used=328Kb free=245431Kb
 bounds [0x0000000003150000, 0x00000000033c0000, 0x0000000012150000]
 total_blobs=58 nmethods=0 adapters=38
 compilation: enabled

Compilation events (0 events):
No events

GC Heap History (0 events):
No events

Deoptimization events (0 events):
No events

Classes redefined (0 events):
No events

Internal exceptions (0 events):
No events

Events (10 events):
Event: 0.036 loading class java/lang/Short
Event: 0.036 loading class java/lang/Short done
Event: 0.036 loading class java/lang/Integer
Event: 0.036 loading class java/lang/Integer done
Event: 0.037 loading class java/lang/Long
Event: 0.037 loading class java/lang/Long done
Event: 0.037 loading class java/lang/NullPointerException
Event: 0.038 loading class java/lang/NullPointerException done
Event: 0.038 loading class java/lang/ArithmeticException
Event: 0.038 loading class java/lang/ArithmeticException done


Dynamic libraries:
0x00007ff7247a0000 - 0x00007ff7247d7000 	C:\Program Files (x86)\Common Files\Oracle\Java\javapath\java.exe
0x00007ffb2c970000 - 0x00007ffb2cb68000 	C:\Windows\SYSTEM32\ntdll.dll
0x00007ffb2b6b0000 - 0x00007ffb2b771000 	C:\Windows\System32\KERNEL32.DLL
0x00007ffb2a1e0000 - 0x00007ffb2a4d6000 	C:\Windows\System32\KERNELBASE.dll
0x00007ffb2c850000 - 0x00007ffb2c900000 	C:\Windows\System32\ADVAPI32.dll
0x00007ffb2a970000 - 0x00007ffb2aa0e000 	C:\Windows\System32\msvcrt.dll
0x00007ffb2b880000 - 0x00007ffb2b920000 	C:\Windows\System32\sechost.dll
0x00007ffb2ac50000 - 0x00007ffb2ad73000 	C:\Windows\System32\RPCRT4.dll
0x00007ffb2a1b0000 - 0x00007ffb2a1d7000 	C:\Windows\System32\bcrypt.dll
0x00007ffb2c1c0000 - 0x00007ffb2c35f000 	C:\Windows\System32\USER32.dll
0x00007ffb2a740000 - 0x00007ffb2a762000 	C:\Windows\System32\win32u.dll
0x00007ffb2b380000 - 0x00007ffb2b3ab000 	C:\Windows\System32\GDI32.dll
0x00007ffb29ff0000 - 0x00007ffb2a107000 	C:\Windows\System32\gdi32full.dll
0x00007ffb2a110000 - 0x00007ffb2a1ad000 	C:\Windows\System32\msvcp_win.dll
0x00007ffb2a7e0000 - 0x00007ffb2a8e0000 	C:\Windows\System32\ucrtbase.dll
0x00007ffb180d0000 - 0x00007ffb1836a000 	C:\Windows\WinSxS\amd64_microsoft.windows.common-controls_6595b64144ccf1df_6.0.19041.4355_none_60b8b9eb71f62e16\COMCTL32.dll
0x00007ffb2ad80000 - 0x00007ffb2adaf000 	C:\Windows\System32\IMM32.DLL
0x00000000627a0000 - 0x0000000062872000 	C:\Program Files\Java\jre1.8.0_202\bin\msvcr100.dll
0x0000000061ef0000 - 0x0000000062795000 	C:\Program Files\Java\jre1.8.0_202\bin\server\jvm.dll
0x00007ffb2aa10000 - 0x00007ffb2aa18000 	C:\Windows\System32\PSAPI.DLL
0x00007ffb21760000 - 0x00007ffb2176a000 	C:\Windows\SYSTEM32\VERSION.dll
0x00007ffb0c8c0000 - 0x00007ffb0c8e7000 	C:\Windows\SYSTEM32\WINMM.dll
0x00007ffb1a2b0000 - 0x00007ffb1a2b9000 	C:\Windows\SYSTEM32\WSOCK32.dll
0x00007ffb2c360000 - 0x00007ffb2c3cb000 	C:\Windows\System32\WS2_32.dll
0x00007ffb230a0000 - 0x00007ffb230af000 	C:\Program Files\Java\jre1.8.0_202\bin\verify.dll
0x00007ffb200c0000 - 0x00007ffb200e9000 	C:\Program Files\Java\jre1.8.0_202\bin\java.dll
0x00007ffb200a0000 - 0x00007ffb200b6000 	C:\Program Files\Java\jre1.8.0_202\bin\zip.dll

VM Arguments:
jvm_args: -Dclassworlds.conf=C:\maven\apache-maven-3.9.9\bin\m2.conf -Dmaven.home=C:\maven\apache-maven-3.9.9 -Dlibrary.jansi.path=C:\maven\apache-maven-3.9.9\lib\jansi-native -Dmaven.multiModuleProjectDirectory=C:\Users\Sahana\eclipse-workspace\AdvSel\Acttimemaven 
java_command: org.codehaus.plexus.classworlds.launcher.Launcher clean
java_class_path (initial): C:\maven\apache-maven-3.9.9\boot\plexus-classworlds-2.8.0.jar
Launcher Type: SUN_STANDARD

Environment Variables:
PATH=C:\Program Files (x86)\Common Files\Oracle\Java\javapath;C:\Program Files\Common Files\Oracle\Java\javapath;C:\Python311\Scripts\;C:\Python311\;C:\Windows\system32;C:\Windows;C:\Windows\System32\Wbem;C:\Windows\System32\WindowsPowerShell\v1.0\;C:\Windows\System32\OpenSSH\;C:\Program Files\Microsoft SQL Server\150\Tools\Binn\;C:\Program Files\nodejs\;C:\ProgramData\chocolatey\bin;C:\Program Files\Java\jdk-21\bin;C:\Program Files\Java\jdk1.8.0_202\bin;C:\maven\apache-maven-3.9.9\bin\;C:\Users\Sahana\AppData\Local\Microsoft\WindowsApps;C:\Users\Sahana\AppData\Roaming\npm
USERNAME=Sahana
OS=Windows_NT
PROCESSOR_IDENTIFIER=Intel64 Family 6 Model 142 Stepping 9, GenuineIntel



---------------  S Y S T E M  ---------------

OS: Windows 10.0 , 64 bit Build 19041 (10.0.19041.4597)

CPU:total 4 (initial active 4) (2 cores per cpu, 2 threads per core) family 6 model 142 stepping 9, cmov, cx8, fxsr, mmx, sse, sse2, sse3, ssse3, sse4.1, sse4.2, popcnt, avx, avx2, aes, clmul, erms, 3dnowpref, lzcnt, ht, tsc, tscinvbit, bmi1, bmi2, adx

Memory: 4k page, physical 8251700k(1450920k free), swap 9970072k(5228k free)

vm_info: Java HotSpot(TM) 64-Bit Server VM (25.202-b08) for windows-amd64 JRE (1.8.0_202-b08), built on Dec 15 2018 19:54:30 by "java_re" with MS VC++ 10.0 (VS2010)

time: Sat Aug 31 09:11:54 2024
timezone: India Standard Time
elapsed time: 0 seconds (0d 0h 0m 0s)

